c:\2018 spring\s18 - 023 - live\labs\10\cis023_s2018_lab10b\cis023_s2018_lab10b\debug\cis023_s2018_lab10b.pch
c:\2018 spring\s18 - 023 - live\labs\10\cis023_s2018_lab10b\cis023_s2018_lab10b\debug\vc140.pdb
c:\2018 spring\s18 - 023 - live\labs\10\cis023_s2018_lab10b\cis023_s2018_lab10b\debug\vc140.idb
c:\2018 spring\s18 - 023 - live\labs\10\cis023_s2018_lab10b\cis023_s2018_lab10b\debug\stdafx.obj
c:\2018 spring\s18 - 023 - live\labs\10\cis023_s2018_lab10b\cis023_s2018_lab10b\debug\cis023_s2018_lab10b.obj
c:\2018 spring\s18 - 023 - live\labs\10\cis023_s2018_lab10b\cis023_s2018_lab10b\debug\linkedlistclass.obj
c:\2018 spring\s18 - 023 - live\labs\10\cis023_s2018_lab10b\cis023_s2018_lab10b\debug\nodeclass.obj
c:\2018 spring\s18 - 023 - live\labs\10\cis023_s2018_lab10b\debug\cis023_s2018_lab10b.ilk
c:\2018 spring\s18 - 023 - live\labs\10\cis023_s2018_lab10b\debug\cis023_s2018_lab10b.exe
c:\2018 spring\s18 - 023 - live\labs\10\cis023_s2018_lab10b\debug\cis023_s2018_lab10b.pdb
c:\2018 spring\s18 - 023 - live\labs\10\cis023_s2018_lab10b\cis023_s2018_lab10b\debug\cis023_s2018_lab10b.res
c:\2018 spring\s18 - 023 - live\labs\10\cis023_s2018_lab10b\cis023_s2018_lab10b\debug\cis023_s.8e9cc904.tlog\cl.command.1.tlog
c:\2018 spring\s18 - 023 - live\labs\10\cis023_s2018_lab10b\cis023_s2018_lab10b\debug\cis023_s.8e9cc904.tlog\cl.read.1.tlog
c:\2018 spring\s18 - 023 - live\labs\10\cis023_s2018_lab10b\cis023_s2018_lab10b\debug\cis023_s.8e9cc904.tlog\cl.write.1.tlog
c:\2018 spring\s18 - 023 - live\labs\10\cis023_s2018_lab10b\cis023_s2018_lab10b\debug\cis023_s.8e9cc904.tlog\link.command.1.tlog
c:\2018 spring\s18 - 023 - live\labs\10\cis023_s2018_lab10b\cis023_s2018_lab10b\debug\cis023_s.8e9cc904.tlog\link.read.1.tlog
c:\2018 spring\s18 - 023 - live\labs\10\cis023_s2018_lab10b\cis023_s2018_lab10b\debug\cis023_s.8e9cc904.tlog\link.write.1.tlog
c:\2018 spring\s18 - 023 - live\labs\10\cis023_s2018_lab10b\cis023_s2018_lab10b\debug\cis023_s.8e9cc904.tlog\rc.command.1.tlog
c:\2018 spring\s18 - 023 - live\labs\10\cis023_s2018_lab10b\cis023_s2018_lab10b\debug\cis023_s.8e9cc904.tlog\rc.read.1.tlog
c:\2018 spring\s18 - 023 - live\labs\10\cis023_s2018_lab10b\cis023_s2018_lab10b\debug\cis023_s.8e9cc904.tlog\rc.write.1.tlog
