e:\2019 spring\s19 - 021 - live\labs\8\cis021_s2019_lab8d\cis021_s2019_lab8d\debug\cis021_s2019_lab8d.pch
e:\2019 spring\s19 - 021 - live\labs\8\cis021_s2019_lab8d\cis021_s2019_lab8d\debug\vc140.pdb
e:\2019 spring\s19 - 021 - live\labs\8\cis021_s2019_lab8d\cis021_s2019_lab8d\debug\vc140.idb
e:\2019 spring\s19 - 021 - live\labs\8\cis021_s2019_lab8d\cis021_s2019_lab8d\debug\stdafx.obj
e:\2019 spring\s19 - 021 - live\labs\8\cis021_s2019_lab8d\cis021_s2019_lab8d\debug\btreeclass.obj
e:\2019 spring\s19 - 021 - live\labs\8\cis021_s2019_lab8d\cis021_s2019_lab8d\debug\cis021_s2019_lab8d.obj
e:\2019 spring\s19 - 021 - live\labs\8\cis021_s2019_lab8d\cis021_s2019_lab8d\debug\leafclass.obj
e:\2019 spring\s19 - 021 - live\labs\8\cis021_s2019_lab8d\debug\cis021_s2019_lab8d.ilk
e:\2019 spring\s19 - 021 - live\labs\8\cis021_s2019_lab8d\debug\cis021_s2019_lab8d.exe
e:\2019 spring\s19 - 021 - live\labs\8\cis021_s2019_lab8d\debug\cis021_s2019_lab8d.pdb
e:\2019 spring\s19 - 021 - live\labs\8\cis021_s2019_lab8d\cis021_s2019_lab8d\debug\cis021_s2019_lab8d.res
e:\2019 spring\s19 - 021 - live\labs\8\cis021_s2019_lab8d\cis021_s2019_lab8d\debug\cis021_s.f5debb3d.tlog\cl.command.1.tlog
e:\2019 spring\s19 - 021 - live\labs\8\cis021_s2019_lab8d\cis021_s2019_lab8d\debug\cis021_s.f5debb3d.tlog\cl.read.1.tlog
e:\2019 spring\s19 - 021 - live\labs\8\cis021_s2019_lab8d\cis021_s2019_lab8d\debug\cis021_s.f5debb3d.tlog\cl.write.1.tlog
e:\2019 spring\s19 - 021 - live\labs\8\cis021_s2019_lab8d\cis021_s2019_lab8d\debug\cis021_s.f5debb3d.tlog\link.command.1.tlog
e:\2019 spring\s19 - 021 - live\labs\8\cis021_s2019_lab8d\cis021_s2019_lab8d\debug\cis021_s.f5debb3d.tlog\link.read.1.tlog
e:\2019 spring\s19 - 021 - live\labs\8\cis021_s2019_lab8d\cis021_s2019_lab8d\debug\cis021_s.f5debb3d.tlog\link.write.1.tlog
e:\2019 spring\s19 - 021 - live\labs\8\cis021_s2019_lab8d\cis021_s2019_lab8d\debug\cis021_s.f5debb3d.tlog\rc.command.1.tlog
e:\2019 spring\s19 - 021 - live\labs\8\cis021_s2019_lab8d\cis021_s2019_lab8d\debug\cis021_s.f5debb3d.tlog\rc.read.1.tlog
e:\2019 spring\s19 - 021 - live\labs\8\cis021_s2019_lab8d\cis021_s2019_lab8d\debug\cis021_s.f5debb3d.tlog\rc.write.1.tlog
