d:\cis021 projects\cis021_s2019_hw9\cis021_s2019_hw9\cis021_s2019_hw9\debug\cis021_s2019_hw9.pch
d:\cis021 projects\cis021_s2019_hw9\cis021_s2019_hw9\cis021_s2019_hw9\debug\vc140.pdb
d:\cis021 projects\cis021_s2019_hw9\cis021_s2019_hw9\cis021_s2019_hw9\debug\vc140.idb
d:\cis021 projects\cis021_s2019_hw9\cis021_s2019_hw9\cis021_s2019_hw9\debug\stdafx.obj
d:\cis021 projects\cis021_s2019_hw9\cis021_s2019_hw9\cis021_s2019_hw9\debug\carclass.obj
d:\cis021 projects\cis021_s2019_hw9\cis021_s2019_hw9\cis021_s2019_hw9\debug\lightsclass.obj
d:\cis021 projects\cis021_s2019_hw9\cis021_s2019_hw9\cis021_s2019_hw9\debug\cis021_s2019_hw9.obj
d:\cis021 projects\cis021_s2019_hw9\cis021_s2019_hw9\cis021_s2019_hw9\debug\cis021_s2019_hw9.res
d:\cis021 projects\cis021_s2019_hw9\cis021_s2019_hw9\debug\cis021_s2019_hw9.ilk
d:\cis021 projects\cis021_s2019_hw9\cis021_s2019_hw9\debug\cis021_s2019_hw9.exe
d:\cis021 projects\cis021_s2019_hw9\cis021_s2019_hw9\debug\cis021_s2019_hw9.pdb
d:\cis021 projects\cis021_s2019_hw9\cis021_s2019_hw9\cis021_s2019_hw9\debug\cis021_s2019_hw9.tlog\cl.read.1.tlog
d:\cis021 projects\cis021_s2019_hw9\cis021_s2019_hw9\cis021_s2019_hw9\debug\cis021_s2019_hw9.tlog\cl.write.1.tlog
d:\cis021 projects\cis021_s2019_hw9\cis021_s2019_hw9\cis021_s2019_hw9\debug\cis021_s2019_hw9.tlog\cl.command.1.tlog
d:\cis021 projects\cis021_s2019_hw9\cis021_s2019_hw9\cis021_s2019_hw9\debug\cis021_s2019_hw9.tlog\rc.read.1.tlog
d:\cis021 projects\cis021_s2019_hw9\cis021_s2019_hw9\cis021_s2019_hw9\debug\cis021_s2019_hw9.tlog\rc.write.1.tlog
d:\cis021 projects\cis021_s2019_hw9\cis021_s2019_hw9\cis021_s2019_hw9\debug\cis021_s2019_hw9.tlog\rc.command.1.tlog
d:\cis021 projects\cis021_s2019_hw9\cis021_s2019_hw9\cis021_s2019_hw9\debug\cis021_s2019_hw9.tlog\link.read.1.tlog
d:\cis021 projects\cis021_s2019_hw9\cis021_s2019_hw9\cis021_s2019_hw9\debug\cis021_s2019_hw9.tlog\link.write.1.tlog
d:\cis021 projects\cis021_s2019_hw9\cis021_s2019_hw9\cis021_s2019_hw9\debug\cis021_s2019_hw9.tlog\link.command.1.tlog
