f:\cis023\homework\cis023_s2018_hw11 allen myers\cis023_s2018_hw11 allen myers\debug\cis023_s2018_hw11 allen myers.pch
f:\cis023\homework\cis023_s2018_hw11 allen myers\cis023_s2018_hw11 allen myers\debug\vc140.pdb
f:\cis023\homework\cis023_s2018_hw11 allen myers\cis023_s2018_hw11 allen myers\debug\vc140.idb
f:\cis023\homework\cis023_s2018_hw11 allen myers\cis023_s2018_hw11 allen myers\debug\stdafx.obj
f:\cis023\homework\cis023_s2018_hw11 allen myers\cis023_s2018_hw11 allen myers\debug\btreeclass.obj
f:\cis023\homework\cis023_s2018_hw11 allen myers\cis023_s2018_hw11 allen myers\debug\nodeclass.obj
f:\cis023\homework\cis023_s2018_hw11 allen myers\cis023_s2018_hw11 allen myers\debug\cis023_s2018_hw11 allen myers.obj
f:\cis023\homework\cis023_s2018_hw11 allen myers\cis023_s2018_hw11 allen myers\debug\cis023_s2018_hw11 allen myers.res
f:\cis023\homework\cis023_s2018_hw11 allen myers\debug\cis023_s2018_hw11 allen myers.ilk
f:\cis023\homework\cis023_s2018_hw11 allen myers\debug\cis023_s2018_hw11 allen myers.exe
f:\cis023\homework\cis023_s2018_hw11 allen myers\debug\cis023_s2018_hw11 allen myers.pdb
f:\cis023\homework\cis023_s2018_hw11 allen myers\cis023_s2018_hw11 allen myers\debug\cis023_s.3533c354.tlog\cl.read.1.tlog
f:\cis023\homework\cis023_s2018_hw11 allen myers\cis023_s2018_hw11 allen myers\debug\cis023_s.3533c354.tlog\cl.write.1.tlog
f:\cis023\homework\cis023_s2018_hw11 allen myers\cis023_s2018_hw11 allen myers\debug\cis023_s.3533c354.tlog\cl.command.1.tlog
f:\cis023\homework\cis023_s2018_hw11 allen myers\cis023_s2018_hw11 allen myers\debug\cis023_s.3533c354.tlog\rc.read.1.tlog
f:\cis023\homework\cis023_s2018_hw11 allen myers\cis023_s2018_hw11 allen myers\debug\cis023_s.3533c354.tlog\rc.write.1.tlog
f:\cis023\homework\cis023_s2018_hw11 allen myers\cis023_s2018_hw11 allen myers\debug\cis023_s.3533c354.tlog\rc.command.1.tlog
f:\cis023\homework\cis023_s2018_hw11 allen myers\cis023_s2018_hw11 allen myers\debug\cis023_s.3533c354.tlog\link.read.1.tlog
f:\cis023\homework\cis023_s2018_hw11 allen myers\cis023_s2018_hw11 allen myers\debug\cis023_s.3533c354.tlog\link.write.1.tlog
f:\cis023\homework\cis023_s2018_hw11 allen myers\cis023_s2018_hw11 allen myers\debug\cis023_s.3533c354.tlog\link.command.1.tlog
