e:\2018 spring\s18 - 023 - live\labs\12\cis023_s2018_lab12e\cis023_s2018_lab12e\debug\cis023_s2018_lab12e.pch
e:\2018 spring\s18 - 023 - live\labs\12\cis023_s2018_lab12e\cis023_s2018_lab12e\debug\vc140.pdb
e:\2018 spring\s18 - 023 - live\labs\12\cis023_s2018_lab12e\cis023_s2018_lab12e\debug\vc140.idb
e:\2018 spring\s18 - 023 - live\labs\12\cis023_s2018_lab12e\cis023_s2018_lab12e\debug\stdafx.obj
e:\2018 spring\s18 - 023 - live\labs\12\cis023_s2018_lab12e\cis023_s2018_lab12e\debug\ballclass.obj
e:\2018 spring\s18 - 023 - live\labs\12\cis023_s2018_lab12e\cis023_s2018_lab12e\debug\cis023_s2018_lab12e.obj
e:\2018 spring\s18 - 023 - live\labs\12\cis023_s2018_lab12e\cis023_s2018_lab12e\debug\linkedlistclass.obj
e:\2018 spring\s18 - 023 - live\labs\12\cis023_s2018_lab12e\debug\cis023_s2018_lab12e.ilk
e:\2018 spring\s18 - 023 - live\labs\12\cis023_s2018_lab12e\debug\cis023_s2018_lab12e.exe
e:\2018 spring\s18 - 023 - live\labs\12\cis023_s2018_lab12e\debug\cis023_s2018_lab12e.pdb
e:\2018 spring\s18 - 023 - live\labs\12\cis023_s2018_lab12e\cis023_s2018_lab12e\debug\cis023_s2018_lab12e.res
e:\2018 spring\s18 - 023 - live\labs\12\cis023_s2018_lab12e\cis023_s2018_lab12e\debug\cis023_s.21f7e9ae.tlog\cl.command.1.tlog
e:\2018 spring\s18 - 023 - live\labs\12\cis023_s2018_lab12e\cis023_s2018_lab12e\debug\cis023_s.21f7e9ae.tlog\cl.read.1.tlog
e:\2018 spring\s18 - 023 - live\labs\12\cis023_s2018_lab12e\cis023_s2018_lab12e\debug\cis023_s.21f7e9ae.tlog\cl.write.1.tlog
e:\2018 spring\s18 - 023 - live\labs\12\cis023_s2018_lab12e\cis023_s2018_lab12e\debug\cis023_s.21f7e9ae.tlog\link.command.1.tlog
e:\2018 spring\s18 - 023 - live\labs\12\cis023_s2018_lab12e\cis023_s2018_lab12e\debug\cis023_s.21f7e9ae.tlog\link.read.1.tlog
e:\2018 spring\s18 - 023 - live\labs\12\cis023_s2018_lab12e\cis023_s2018_lab12e\debug\cis023_s.21f7e9ae.tlog\link.write.1.tlog
e:\2018 spring\s18 - 023 - live\labs\12\cis023_s2018_lab12e\cis023_s2018_lab12e\debug\cis023_s.21f7e9ae.tlog\rc.command.1.tlog
e:\2018 spring\s18 - 023 - live\labs\12\cis023_s2018_lab12e\cis023_s2018_lab12e\debug\cis023_s.21f7e9ae.tlog\rc.read.1.tlog
e:\2018 spring\s18 - 023 - live\labs\12\cis023_s2018_lab12e\cis023_s2018_lab12e\debug\cis023_s.21f7e9ae.tlog\rc.write.1.tlog
