c:\2018 spring\s18 - 023 - live\labs\10\cis023_s2018_lab10a\cis023_s2018_lab10a\debug\cis023_s2018_lab10a.pch
c:\2018 spring\s18 - 023 - live\labs\10\cis023_s2018_lab10a\cis023_s2018_lab10a\debug\vc140.pdb
c:\2018 spring\s18 - 023 - live\labs\10\cis023_s2018_lab10a\cis023_s2018_lab10a\debug\vc140.idb
c:\2018 spring\s18 - 023 - live\labs\10\cis023_s2018_lab10a\cis023_s2018_lab10a\debug\stdafx.obj
c:\2018 spring\s18 - 023 - live\labs\10\cis023_s2018_lab10a\cis023_s2018_lab10a\debug\cis023_s2018_lab10a.obj
c:\2018 spring\s18 - 023 - live\labs\10\cis023_s2018_lab10a\cis023_s2018_lab10a\debug\linkedlistclass.obj
c:\2018 spring\s18 - 023 - live\labs\10\cis023_s2018_lab10a\cis023_s2018_lab10a\debug\nodeclass.obj
c:\2018 spring\s18 - 023 - live\labs\10\cis023_s2018_lab10a\debug\cis023_s2018_lab10a.ilk
c:\2018 spring\s18 - 023 - live\labs\10\cis023_s2018_lab10a\debug\cis023_s2018_lab10a.exe
c:\2018 spring\s18 - 023 - live\labs\10\cis023_s2018_lab10a\debug\cis023_s2018_lab10a.pdb
c:\2018 spring\s18 - 023 - live\labs\10\cis023_s2018_lab10a\cis023_s2018_lab10a\debug\cis023_s2018_lab10a.res
c:\2018 spring\s18 - 023 - live\labs\10\cis023_s2018_lab10a\cis023_s2018_lab10a\debug\cis023_s.5a51ead4.tlog\cl.command.1.tlog
c:\2018 spring\s18 - 023 - live\labs\10\cis023_s2018_lab10a\cis023_s2018_lab10a\debug\cis023_s.5a51ead4.tlog\cl.read.1.tlog
c:\2018 spring\s18 - 023 - live\labs\10\cis023_s2018_lab10a\cis023_s2018_lab10a\debug\cis023_s.5a51ead4.tlog\cl.write.1.tlog
c:\2018 spring\s18 - 023 - live\labs\10\cis023_s2018_lab10a\cis023_s2018_lab10a\debug\cis023_s.5a51ead4.tlog\link.command.1.tlog
c:\2018 spring\s18 - 023 - live\labs\10\cis023_s2018_lab10a\cis023_s2018_lab10a\debug\cis023_s.5a51ead4.tlog\link.read.1.tlog
c:\2018 spring\s18 - 023 - live\labs\10\cis023_s2018_lab10a\cis023_s2018_lab10a\debug\cis023_s.5a51ead4.tlog\link.write.1.tlog
c:\2018 spring\s18 - 023 - live\labs\10\cis023_s2018_lab10a\cis023_s2018_lab10a\debug\cis023_s.5a51ead4.tlog\rc.command.1.tlog
c:\2018 spring\s18 - 023 - live\labs\10\cis023_s2018_lab10a\cis023_s2018_lab10a\debug\cis023_s.5a51ead4.tlog\rc.read.1.tlog
c:\2018 spring\s18 - 023 - live\labs\10\cis023_s2018_lab10a\cis023_s2018_lab10a\debug\cis023_s.5a51ead4.tlog\rc.write.1.tlog
