f:\cis023\cis023_s2018_hw12 allen myers\cis023_s2018_hw12 allen myers\debug\vc140.pdb
f:\cis023\cis023_s2018_hw12 allen myers\cis023_s2018_hw12 allen myers\debug\vc140.idb
f:\cis023\cis023_s2018_hw12 allen myers\cis023_s2018_hw12 allen myers\debug\cis023_s2018_hw12 allen myers.pch
f:\cis023\cis023_s2018_hw12 allen myers\cis023_s2018_hw12 allen myers\debug\stdafx.obj
f:\cis023\cis023_s2018_hw12 allen myers\cis023_s2018_hw12 allen myers\debug\cis023_s2018_hw12 allen myers.obj
f:\cis023\cis023_s2018_hw12 allen myers\cis023_s2018_hw12 allen myers\debug\linkedlistclass.obj
f:\cis023\cis023_s2018_hw12 allen myers\cis023_s2018_hw12 allen myers\debug\ellipseclass.obj
f:\cis023\cis023_s2018_hw12 allen myers\cis023_s2018_hw12 allen myers\debug\cis023_s2018_hw12 allen myers.res
f:\cis023\cis023_s2018_hw12 allen myers\debug\cis023_s2018_hw12 allen myers.ilk
f:\cis023\cis023_s2018_hw12 allen myers\debug\cis023_s2018_hw12 allen myers.exe
f:\cis023\cis023_s2018_hw12 allen myers\debug\cis023_s2018_hw12 allen myers.pdb
f:\cis023\cis023_s2018_hw12 allen myers\cis023_s2018_hw12 allen myers\debug\cis023_s.6e450711.tlog\cl.read.1.tlog
f:\cis023\cis023_s2018_hw12 allen myers\cis023_s2018_hw12 allen myers\debug\cis023_s.6e450711.tlog\cl.write.1.tlog
f:\cis023\cis023_s2018_hw12 allen myers\cis023_s2018_hw12 allen myers\debug\cis023_s.6e450711.tlog\cl.command.1.tlog
f:\cis023\cis023_s2018_hw12 allen myers\cis023_s2018_hw12 allen myers\debug\cis023_s.6e450711.tlog\rc.read.1.tlog
f:\cis023\cis023_s2018_hw12 allen myers\cis023_s2018_hw12 allen myers\debug\cis023_s.6e450711.tlog\rc.write.1.tlog
f:\cis023\cis023_s2018_hw12 allen myers\cis023_s2018_hw12 allen myers\debug\cis023_s.6e450711.tlog\rc.command.1.tlog
f:\cis023\cis023_s2018_hw12 allen myers\cis023_s2018_hw12 allen myers\debug\cis023_s.6e450711.tlog\link.read.1.tlog
f:\cis023\cis023_s2018_hw12 allen myers\cis023_s2018_hw12 allen myers\debug\cis023_s.6e450711.tlog\link.write.1.tlog
f:\cis023\cis023_s2018_hw12 allen myers\cis023_s2018_hw12 allen myers\debug\cis023_s.6e450711.tlog\link.command.1.tlog
