c:\2018 spring\s18 - 023 - live\labs\12\cis023_s2018_lab12c\cis023_s2018_lab12c\debug\cis023_s2018_lab12c.pch
c:\2018 spring\s18 - 023 - live\labs\12\cis023_s2018_lab12c\cis023_s2018_lab12c\debug\vc140.pdb
c:\2018 spring\s18 - 023 - live\labs\12\cis023_s2018_lab12c\cis023_s2018_lab12c\debug\vc140.idb
c:\2018 spring\s18 - 023 - live\labs\12\cis023_s2018_lab12c\cis023_s2018_lab12c\debug\stdafx.obj
c:\2018 spring\s18 - 023 - live\labs\12\cis023_s2018_lab12c\cis023_s2018_lab12c\debug\cis023_s2018_lab12c.obj
c:\2018 spring\s18 - 023 - live\labs\12\cis023_s2018_lab12c\cis023_s2018_lab12c\debug\linkedlistclass.obj
c:\2018 spring\s18 - 023 - live\labs\12\cis023_s2018_lab12c\cis023_s2018_lab12c\debug\starclass.obj
c:\2018 spring\s18 - 023 - live\labs\12\cis023_s2018_lab12c\debug\cis023_s2018_lab12c.ilk
c:\2018 spring\s18 - 023 - live\labs\12\cis023_s2018_lab12c\debug\cis023_s2018_lab12c.exe
c:\2018 spring\s18 - 023 - live\labs\12\cis023_s2018_lab12c\debug\cis023_s2018_lab12c.pdb
c:\2018 spring\s18 - 023 - live\labs\12\cis023_s2018_lab12c\cis023_s2018_lab12c\debug\cis023_s2018_lab12c.res
c:\2018 spring\s18 - 023 - live\labs\12\cis023_s2018_lab12c\cis023_s2018_lab12c\debug\cis023_s.0cf80f0d.tlog\cl.command.1.tlog
c:\2018 spring\s18 - 023 - live\labs\12\cis023_s2018_lab12c\cis023_s2018_lab12c\debug\cis023_s.0cf80f0d.tlog\cl.read.1.tlog
c:\2018 spring\s18 - 023 - live\labs\12\cis023_s2018_lab12c\cis023_s2018_lab12c\debug\cis023_s.0cf80f0d.tlog\cl.write.1.tlog
c:\2018 spring\s18 - 023 - live\labs\12\cis023_s2018_lab12c\cis023_s2018_lab12c\debug\cis023_s.0cf80f0d.tlog\link.command.1.tlog
c:\2018 spring\s18 - 023 - live\labs\12\cis023_s2018_lab12c\cis023_s2018_lab12c\debug\cis023_s.0cf80f0d.tlog\link.read.1.tlog
c:\2018 spring\s18 - 023 - live\labs\12\cis023_s2018_lab12c\cis023_s2018_lab12c\debug\cis023_s.0cf80f0d.tlog\link.write.1.tlog
c:\2018 spring\s18 - 023 - live\labs\12\cis023_s2018_lab12c\cis023_s2018_lab12c\debug\cis023_s.0cf80f0d.tlog\rc.command.1.tlog
c:\2018 spring\s18 - 023 - live\labs\12\cis023_s2018_lab12c\cis023_s2018_lab12c\debug\cis023_s.0cf80f0d.tlog\rc.read.1.tlog
c:\2018 spring\s18 - 023 - live\labs\12\cis023_s2018_lab12c\cis023_s2018_lab12c\debug\cis023_s.0cf80f0d.tlog\rc.write.1.tlog
