f:\cis023\homework\cis023_s2018_hw6 allen myers\cis023_s2018_hw6 allen myers\debug\cis023_s2018_hw6 allen myers.pch
f:\cis023\homework\cis023_s2018_hw6 allen myers\cis023_s2018_hw6 allen myers\debug\vc140.pdb
f:\cis023\homework\cis023_s2018_hw6 allen myers\cis023_s2018_hw6 allen myers\debug\vc140.idb
f:\cis023\homework\cis023_s2018_hw6 allen myers\cis023_s2018_hw6 allen myers\debug\stdafx.obj
f:\cis023\homework\cis023_s2018_hw6 allen myers\cis023_s2018_hw6 allen myers\debug\cis023_s2018_hw6 allen myers.obj
f:\cis023\homework\cis023_s2018_hw6 allen myers\cis023_s2018_hw6 allen myers\debug\hexclass.obj
f:\cis023\homework\cis023_s2018_hw6 allen myers\cis023_s2018_hw6 allen myers\debug\cis023_s2018_hw6 allen myers.res
f:\cis023\homework\cis023_s2018_hw6 allen myers\debug\cis023_s2018_hw6 allen myers.pdb
f:\cis023\homework\cis023_s2018_hw6 allen myers\cis023_s2018_hw6 allen myers\debug\cis023_s.104ad0be.tlog\cl.read.1.tlog
f:\cis023\homework\cis023_s2018_hw6 allen myers\cis023_s2018_hw6 allen myers\debug\cis023_s.104ad0be.tlog\cl.write.1.tlog
f:\cis023\homework\cis023_s2018_hw6 allen myers\cis023_s2018_hw6 allen myers\debug\cis023_s.104ad0be.tlog\cl.command.1.tlog
f:\cis023\homework\cis023_s2018_hw6 allen myers\cis023_s2018_hw6 allen myers\debug\cis023_s.104ad0be.tlog\rc.read.1.tlog
f:\cis023\homework\cis023_s2018_hw6 allen myers\cis023_s2018_hw6 allen myers\debug\cis023_s.104ad0be.tlog\rc.write.1.tlog
f:\cis023\homework\cis023_s2018_hw6 allen myers\cis023_s2018_hw6 allen myers\debug\cis023_s.104ad0be.tlog\rc.command.1.tlog
f:\cis023\homework\cis023_s2018_hw6 allen myers\cis023_s2018_hw6 allen myers\debug\cis023_s.104ad0be.tlog\link.read.1.tlog
f:\cis023\homework\cis023_s2018_hw6 allen myers\cis023_s2018_hw6 allen myers\debug\cis023_s.104ad0be.tlog\link.write.1.tlog
f:\cis023\homework\cis023_s2018_hw6 allen myers\cis023_s2018_hw6 allen myers\debug\cis023_s.104ad0be.tlog\link.command.1.tlog
f:\cis023\homework\cis023_s2018_hw6 allen myers\cis023_s2018_hw6 allen myers\debug\cis023_s.104ad0be.tlog\link.15864-rc.read.1.tlog
f:\cis023\homework\cis023_s2018_hw6 allen myers\cis023_s2018_hw6 allen myers\debug\cis023_s.104ad0be.tlog\link.15864-rc.write.1.tlog
f:\cis023\homework\cis023_s2018_hw6 allen myers\cis023_s2018_hw6 allen myers\debug\cis023_s.104ad0be.tlog\link.15864-cvtres.read.1.tlog
f:\cis023\homework\cis023_s2018_hw6 allen myers\cis023_s2018_hw6 allen myers\debug\cis023_s.104ad0be.tlog\link.15864-cvtres.write.1.tlog
f:\cis023\homework\cis023_s2018_hw6 allen myers\cis023_s2018_hw6 allen myers\debug\cis023_s.104ad0be.tlog\link.15864.read.1.tlog
f:\cis023\homework\cis023_s2018_hw6 allen myers\cis023_s2018_hw6 allen myers\debug\cis023_s.104ad0be.tlog\link.15864.write.1.tlog
f:\cis023\homework\cis023_s2018_hw6 allen myers\cis023_s2018_hw6 allen myers\debug\cis023_s.104ad0be.tlog\link-rc.read.1.tlog
f:\cis023\homework\cis023_s2018_hw6 allen myers\cis023_s2018_hw6 allen myers\debug\cis023_s.104ad0be.tlog\link-rc.write.1.tlog
f:\cis023\homework\cis023_s2018_hw6 allen myers\cis023_s2018_hw6 allen myers\debug\cis023_s.104ad0be.tlog\link-cvtres.read.1.tlog
f:\cis023\homework\cis023_s2018_hw6 allen myers\cis023_s2018_hw6 allen myers\debug\cis023_s.104ad0be.tlog\link-cvtres.write.1.tlog
