c:\2018 spring\s18 - 023 - live\labs\11\cis023_s2018_lab11b\cis023_s2018_lab11b\debug\cis023_s2018_lab11b.pch
c:\2018 spring\s18 - 023 - live\labs\11\cis023_s2018_lab11b\cis023_s2018_lab11b\debug\vc140.pdb
c:\2018 spring\s18 - 023 - live\labs\11\cis023_s2018_lab11b\cis023_s2018_lab11b\debug\vc140.idb
c:\2018 spring\s18 - 023 - live\labs\11\cis023_s2018_lab11b\cis023_s2018_lab11b\debug\stdafx.obj
c:\2018 spring\s18 - 023 - live\labs\11\cis023_s2018_lab11b\cis023_s2018_lab11b\debug\btreeclass.obj
c:\2018 spring\s18 - 023 - live\labs\11\cis023_s2018_lab11b\cis023_s2018_lab11b\debug\cis023_s2018_lab11b.obj
c:\2018 spring\s18 - 023 - live\labs\11\cis023_s2018_lab11b\cis023_s2018_lab11b\debug\nodeclass.obj
c:\2018 spring\s18 - 023 - live\labs\11\cis023_s2018_lab11b\debug\cis023_s2018_lab11b.ilk
c:\2018 spring\s18 - 023 - live\labs\11\cis023_s2018_lab11b\debug\cis023_s2018_lab11b.exe
c:\2018 spring\s18 - 023 - live\labs\11\cis023_s2018_lab11b\debug\cis023_s2018_lab11b.pdb
c:\2018 spring\s18 - 023 - live\labs\11\cis023_s2018_lab11b\cis023_s2018_lab11b\debug\cis023_s2018_lab11b.res
c:\2018 spring\s18 - 023 - live\labs\11\cis023_s2018_lab11b\cis023_s2018_lab11b\debug\cis023_s.b022d1a7.tlog\cl.command.1.tlog
c:\2018 spring\s18 - 023 - live\labs\11\cis023_s2018_lab11b\cis023_s2018_lab11b\debug\cis023_s.b022d1a7.tlog\cl.read.1.tlog
c:\2018 spring\s18 - 023 - live\labs\11\cis023_s2018_lab11b\cis023_s2018_lab11b\debug\cis023_s.b022d1a7.tlog\cl.write.1.tlog
c:\2018 spring\s18 - 023 - live\labs\11\cis023_s2018_lab11b\cis023_s2018_lab11b\debug\cis023_s.b022d1a7.tlog\link.command.1.tlog
c:\2018 spring\s18 - 023 - live\labs\11\cis023_s2018_lab11b\cis023_s2018_lab11b\debug\cis023_s.b022d1a7.tlog\link.read.1.tlog
c:\2018 spring\s18 - 023 - live\labs\11\cis023_s2018_lab11b\cis023_s2018_lab11b\debug\cis023_s.b022d1a7.tlog\link.write.1.tlog
c:\2018 spring\s18 - 023 - live\labs\11\cis023_s2018_lab11b\cis023_s2018_lab11b\debug\cis023_s.b022d1a7.tlog\rc.command.1.tlog
c:\2018 spring\s18 - 023 - live\labs\11\cis023_s2018_lab11b\cis023_s2018_lab11b\debug\cis023_s.b022d1a7.tlog\rc.read.1.tlog
c:\2018 spring\s18 - 023 - live\labs\11\cis023_s2018_lab11b\cis023_s2018_lab11b\debug\cis023_s.b022d1a7.tlog\rc.write.1.tlog
