e:\cis021 projects\cis021_s2019_finalexam allen myers\cis021_s2019_finalexam allen myers\debug\cis021_s2019_finalexam allen myers.pch
e:\cis021 projects\cis021_s2019_finalexam allen myers\cis021_s2019_finalexam allen myers\debug\vc140.pdb
e:\cis021 projects\cis021_s2019_finalexam allen myers\cis021_s2019_finalexam allen myers\debug\vc140.idb
e:\cis021 projects\cis021_s2019_finalexam allen myers\cis021_s2019_finalexam allen myers\debug\stdafx.obj
e:\cis021 projects\cis021_s2019_finalexam allen myers\cis021_s2019_finalexam allen myers\debug\cis021_s2019_finalexam allen myers.obj
c:\users\cis\desktop\cis021_s2019_finalexam allen myers\cis021_s2019_finalexam allen myers\debug\cis021_s2019_finalexam allen myers.pch
c:\users\cis\desktop\cis021_s2019_finalexam allen myers\cis021_s2019_finalexam allen myers\debug\vc140.pdb
c:\users\cis\desktop\cis021_s2019_finalexam allen myers\cis021_s2019_finalexam allen myers\debug\vc140.idb
c:\users\cis\desktop\cis021_s2019_finalexam allen myers\cis021_s2019_finalexam allen myers\debug\stdafx.obj
e:\cis021 projects\cis021_s2019_finalexam allen myers\debug\cis021_s2019_finalexam allen myers.ilk
e:\cis021 projects\cis021_s2019_finalexam allen myers\debug\cis021_s2019_finalexam allen myers.exe
e:\cis021 projects\cis021_s2019_finalexam allen myers\debug\cis021_s2019_finalexam allen myers.pdb
c:\users\cis\desktop\cis021_s2019_finalexam allen myers\debug\cis021_s2019_finalexam allen myers.ilk
c:\users\cis\desktop\cis021_s2019_finalexam allen myers\debug\cis021_s2019_finalexam allen myers.exe
c:\users\cis\desktop\cis021_s2019_finalexam allen myers\debug\cis021_s2019_finalexam allen myers.pdb
c:\users\cis\desktop\cis021_s2019_finalexam allen myers\cis021_s2019_finalexam allen myers\debug\cis021_s.68799627.tlog\cl.command.1.tlog
c:\users\cis\desktop\cis021_s2019_finalexam allen myers\cis021_s2019_finalexam allen myers\debug\cis021_s.68799627.tlog\cl.read.1.tlog
c:\users\cis\desktop\cis021_s2019_finalexam allen myers\cis021_s2019_finalexam allen myers\debug\cis021_s.68799627.tlog\cl.write.1.tlog
c:\users\cis\desktop\cis021_s2019_finalexam allen myers\cis021_s2019_finalexam allen myers\debug\cis021_s.68799627.tlog\link.command.1.tlog
c:\users\cis\desktop\cis021_s2019_finalexam allen myers\cis021_s2019_finalexam allen myers\debug\cis021_s.68799627.tlog\link.read.1.tlog
c:\users\cis\desktop\cis021_s2019_finalexam allen myers\cis021_s2019_finalexam allen myers\debug\cis021_s.68799627.tlog\link.write.1.tlog
