d:\cis021 projects\cis021_s2019_hw8 allen myers\cis021_s2019_hw8 allen myers\debug\cis021_s2019_hw8 allen myers.pch
d:\cis021 projects\cis021_s2019_hw8 allen myers\cis021_s2019_hw8 allen myers\debug\vc140.pdb
d:\cis021 projects\cis021_s2019_hw8 allen myers\cis021_s2019_hw8 allen myers\debug\vc140.idb
d:\cis021 projects\cis021_s2019_hw8 allen myers\cis021_s2019_hw8 allen myers\debug\stdafx.obj
d:\cis021 projects\cis021_s2019_hw8 allen myers\cis021_s2019_hw8 allen myers\debug\cis021_s2019_hw8 allen myers.obj
d:\cis021 projects\cis021_s2019_hw8 allen myers\cis021_s2019_hw8 allen myers\debug\nodeclass.obj
d:\cis021 projects\cis021_s2019_hw8 allen myers\cis021_s2019_hw8 allen myers\debug\cis021_s2019_hw8 allen myers.res
d:\cis021 projects\cis021_s2019_hw8 allen myers\debug\cis021_s2019_hw8 allen myers.pdb
d:\cis021 projects\cis021_s2019_hw8 allen myers\cis021_s2019_hw8 allen myers\debug\cis021_s.d94dee54.tlog\cl.read.1.tlog
d:\cis021 projects\cis021_s2019_hw8 allen myers\cis021_s2019_hw8 allen myers\debug\cis021_s.d94dee54.tlog\cl.write.1.tlog
d:\cis021 projects\cis021_s2019_hw8 allen myers\cis021_s2019_hw8 allen myers\debug\cis021_s.d94dee54.tlog\cl.command.1.tlog
d:\cis021 projects\cis021_s2019_hw8 allen myers\cis021_s2019_hw8 allen myers\debug\cis021_s.d94dee54.tlog\rc.read.1.tlog
d:\cis021 projects\cis021_s2019_hw8 allen myers\cis021_s2019_hw8 allen myers\debug\cis021_s.d94dee54.tlog\rc.write.1.tlog
d:\cis021 projects\cis021_s2019_hw8 allen myers\cis021_s2019_hw8 allen myers\debug\cis021_s.d94dee54.tlog\rc.command.1.tlog
d:\cis021 projects\cis021_s2019_hw8 allen myers\cis021_s2019_hw8 allen myers\debug\cis021_s.d94dee54.tlog\link-rc.read.1.tlog
d:\cis021 projects\cis021_s2019_hw8 allen myers\cis021_s2019_hw8 allen myers\debug\cis021_s.d94dee54.tlog\link-rc.write.1.tlog
d:\cis021 projects\cis021_s2019_hw8 allen myers\cis021_s2019_hw8 allen myers\debug\cis021_s.d94dee54.tlog\link-cvtres.read.1.tlog
d:\cis021 projects\cis021_s2019_hw8 allen myers\cis021_s2019_hw8 allen myers\debug\cis021_s.d94dee54.tlog\link-cvtres.write.1.tlog
d:\cis021 projects\cis021_s2019_hw8 allen myers\cis021_s2019_hw8 allen myers\debug\cis021_s.d94dee54.tlog\link.read.1.tlog
d:\cis021 projects\cis021_s2019_hw8 allen myers\cis021_s2019_hw8 allen myers\debug\cis021_s.d94dee54.tlog\link.write.1.tlog
d:\cis021 projects\cis021_s2019_hw8 allen myers\cis021_s2019_hw8 allen myers\debug\cis021_s.d94dee54.tlog\link.command.1.tlog
